[debug] [2022-09-15T20:14:28.774Z] ----------------------------------------------------------------------
[debug] [2022-09-15T20:14:28.777Z] Command:       C:\Program Files\nodejs\node.exe C:\Users\Muchendu\AppData\Roaming\npm\node_modules\firebase-tools\lib\bin\firebase.js init hosting
[debug] [2022-09-15T20:14:28.778Z] CLI Version:   11.1.0
[debug] [2022-09-15T20:14:28.778Z] Platform:      win32
[debug] [2022-09-15T20:14:28.778Z] Node Version:  v16.15.0
[debug] [2022-09-15T20:14:28.779Z] Time:          Thu Sep 15 2022 23:14:28 GMT+0300 (East Africa Time)
[debug] [2022-09-15T20:14:28.780Z] ----------------------------------------------------------------------
[debug] 
[debug] [2022-09-15T20:14:28.784Z] >>> [apiv2][query] GET https://firebase-public.firebaseio.com/cli.json [none]
[debug] [2022-09-15T20:14:28.815Z] > command requires scopes: ["email","openid","https://www.googleapis.com/auth/cloudplatformprojects.readonly","https://www.googleapis.com/auth/firebase","https://www.googleapis.com/auth/cloud-platform"]
[debug] [2022-09-15T20:14:28.816Z] > authorizing via signed-in user (milkywaycoop@gmail.com)
[info] 
     ######## #### ########  ######## ########     ###     ######  ########
     ##        ##  ##     ## ##       ##     ##  ##   ##  ##       ##
     ######    ##  ########  ######   ########  #########  ######  ######
     ##        ##  ##    ##  ##       ##     ## ##     ##       ## ##
     ##       #### ##     ## ######## ########  ##     ##  ######  ########

You're about to initialize a Firebase project in this directory:

  C:\Users\Muchendu\Documents\GitHub\Steve-React\fb

[debug] [2022-09-15T20:14:29.849Z] <<< [apiv2][status] GET https://firebase-public.firebaseio.com/cli.json 200
[debug] [2022-09-15T20:14:29.850Z] <<< [apiv2][body] GET https://firebase-public.firebaseio.com/cli.json {"cloudBuildErrorAfter":1594252800000,"cloudBuildWarnAfter":1590019200000,"defaultNode10After":1594252800000,"minVersion":"3.0.5","node8DeploysDisabledAfter":1613390400000,"node8RuntimeDisabledAfter":1615809600000,"node8WarnAfter":1600128000000}
[info] 
=== Project Setup
[info] 
[info] First, let's associate this project directory with a Firebase project.
[info] You can create multiple project aliases by running firebase use --add, 
[info] but for now we'll just set up a default project.
[info] 
[debug] [2022-09-15T20:15:10.235Z] > refreshing access token with scopes: []
[debug] [2022-09-15T20:15:10.237Z] >>> [apiv2][query] POST https://www.googleapis.com/oauth2/v3/token [none]
[debug] [2022-09-15T20:15:10.237Z] >>> [apiv2][body] POST https://www.googleapis.com/oauth2/v3/token [omitted]
[debug] [2022-09-15T20:15:16.350Z] <<< [apiv2][status] POST https://www.googleapis.com/oauth2/v3/token 200
[debug] [2022-09-15T20:15:16.351Z] <<< [apiv2][body] POST https://www.googleapis.com/oauth2/v3/token [omitted]
[debug] [2022-09-15T20:15:16.383Z] >>> [apiv2][query] GET https://firebase.googleapis.com/v1beta1/projects pageSize=100
[debug] [2022-09-15T20:15:17.360Z] <<< [apiv2][status] GET https://firebase.googleapis.com/v1beta1/projects 200
[debug] [2022-09-15T20:15:17.361Z] <<< [apiv2][body] GET https://firebase.googleapis.com/v1beta1/projects [omitted]
[info] i  Using project housetandc (houseTandC) 
[info] 
=== Hosting Setup
[info] 
[info] Your public directory is the folder (relative to your project directory) that
[info] will contain Hosting assets to be uploaded with firebase deploy. If you
[info] have a build process for your assets, use your build's output directory.
[info] 
[debug] [2022-09-15T20:16:05.584Z] >>> [apiv2][query] GET https://www.gstatic.com/firebasejs/releases.json [none]
[debug] [2022-09-15T20:16:06.862Z] <<< [apiv2][status] GET https://www.gstatic.com/firebasejs/releases.json 200
[debug] [2022-09-15T20:16:06.862Z] <<< [apiv2][body] GET https://www.gstatic.com/firebasejs/releases.json {"current":{"version":"9.10.0","browserURL":"https://www.gstatic.com/firebasejs/9.10.0/firebase.js","packageURL":"https://www.gstatic.com/firebasejs/9.10.0/firebase.tgz"},"live":{"version":"9.10","browserURL":"https://www.gstatic.com/firebasejs/live/9.10/firebase.js","packageURL":"https://www.gstatic.com/firebasejs/live/9.10/firebase.tgz"},"components":{"analytics":"https://www.gstatic.com/firebasejs/9.10.0/firebase-analytics.js","app":"https://www.gstatic.com/firebasejs/9.10.0/firebase-app.js","app-check":"https://www.gstatic.com/firebasejs/9.10.0/firebase-app-check.js","auth":"https://www.gstatic.com/firebasejs/9.10.0/firebase-auth.js","auth/cordova":"https://www.gstatic.com/firebasejs/9.10.0/firebase-auth/cordova.js","auth/react-native":"https://www.gstatic.com/firebasejs/9.10.0/firebase-auth/react-native.js","functions":"https://www.gstatic.com/firebasejs/9.10.0/firebase-functions.js","firestore":"https://www.gstatic.com/firebasejs/9.10.0/firebase-firestore.js","firestore/lite":"https://www.gstatic.com/firebasejs/9.10.0/firebase-firestore/lite.js","installations":"https://www.gstatic.com/firebasejs/9.10.0/firebase-installations.js","storage":"https://www.gstatic.com/firebasejs/9.10.0/firebase-storage.js","performance":"https://www.gstatic.com/firebasejs/9.10.0/firebase-performance.js","remote-config":"https://www.gstatic.com/firebasejs/9.10.0/firebase-remote-config.js","messaging":"https://www.gstatic.com/firebasejs/9.10.0/firebase-messaging.js","messaging/sw":"https://www.gstatic.com/firebasejs/9.10.0/firebase-messaging/sw.js","database":"https://www.gstatic.com/firebasejs/9.10.0/firebase-database.js","firestore.memory":"https://www.gstatic.com/firebasejs/9.10.0/firebase-firestore.memory.js"}}
[info] i  Skipping write of public/index.html 
[info] 
[info] i  Detected a .git folder at C:\Users\Muchendu\Documents\GitHub\Steve-React 
[info] i  Authorizing with GitHub to upload your service account to a GitHub repository's secrets store. 
[info] 
[info] Visit this URL on this device to log in:
[info] https://github.com/login/oauth/authorize?client_id=89cf50f02ac6aaed3484&state=561535155&redirect_uri=http%3A%2F%2Flocalhost%3A9005&scope=read%3Auser%20repo%20public_repo
[info] 
[info] Waiting for authentication...
[debug] [2022-09-15T20:19:20.440Z] >>> [apiv2][query] POST https://github.com/login/oauth/access_token [none]
[debug] [2022-09-15T20:19:20.441Z] >>> [apiv2][body] POST https://github.com/login/oauth/access_token [stream]
[debug] [2022-09-15T20:19:21.332Z] <<< [apiv2][status] POST https://github.com/login/oauth/access_token 200
[debug] [2022-09-15T20:19:21.333Z] <<< [apiv2][body] POST https://github.com/login/oauth/access_token {"access_token":"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","token_type":"bearer","scope":"read:user,repo"}
[debug] [2022-09-15T20:19:21.352Z] >>> [apiv2][query] GET https://api.github.com/user [none]
[debug] [2022-09-15T20:19:22.280Z] <<< [apiv2][status] GET https://api.github.com/user 200
[debug] [2022-09-15T20:19:22.281Z] <<< [apiv2][body] GET https://api.github.com/user {"login":"muchendumaina","id":57831873,"node_id":"MDQ6VXNlcjU3ODMxODcz","avatar_url":"https://avatars.githubusercontent.com/u/57831873?v=4","gravatar_id":"","url":"https://api.github.com/users/muchendumaina","html_url":"https://github.com/muchendumaina","followers_url":"https://api.github.com/users/muchendumaina/followers","following_url":"https://api.github.com/users/muchendumaina/following{/other_user}","gists_url":"https://api.github.com/users/muchendumaina/gists{/gist_id}","starred_url":"https://api.github.com/users/muchendumaina/starred{/owner}{/repo}","subscriptions_url":"https://api.github.com/users/muchendumaina/subscriptions","organizations_url":"https://api.github.com/users/muchendumaina/orgs","repos_url":"https://api.github.com/users/muchendumaina/repos","events_url":"https://api.github.com/users/muchendumaina/events{/privacy}","received_events_url":"https://api.github.com/users/muchendumaina/received_events","type":"User","site_admin":false,"name":"Stephen Muchendu","company":null,"blog":"","location":"Kenya","email":null,"hireable":null,"bio":"Totes Malotes","twitter_username":null,"public_repos":86,"public_gists":0,"followers":42,"following":54,"created_at":"2019-11-16T11:16:19Z","updated_at":"2022-09-08T11:02:56Z","private_gists":0,"total_private_repos":5,"owned_private_repos":5,"disk_usage":77707,"collaborators":1,"two_factor_authentication":false,"plan":{"name":"free","space":976562499,"collaborators":0,"private_repos":10000}}
[info] 
[info] +  Success! Logged into GitHub as muchendumaina 
[info] 
[debug] [2022-09-15T20:19:58.706Z] >>> [apiv2][query] GET https://api.github.com/repos/./actions/secrets/public-key type=owner
[debug] [2022-09-15T20:19:59.750Z] <<< [apiv2][status] GET https://api.github.com/repos/./actions/secrets/public-key 404
[debug] [2022-09-15T20:19:59.751Z] <<< [apiv2][body] GET https://api.github.com/repos/./actions/secrets/public-key {"message":"Not Found","documentation_url":"https://docs.github.com/rest"}
[debug] [2022-09-15T20:21:04.439Z] >>> [apiv2][query] GET https://api.github.com/repos/https://github.com/MILKYWAY-COOP/Steve-React/tree/main/fb/actions/secrets/public-key type=owner
[debug] [2022-09-15T20:21:05.526Z] <<< [apiv2][status] GET https://api.github.com/repos/https://github.com/MILKYWAY-COOP/Steve-React/tree/main/fb/actions/secrets/public-key 404
[debug] [2022-09-15T20:21:05.526Z] <<< [apiv2][body] GET https://api.github.com/repos/https://github.com/MILKYWAY-COOP/Steve-React/tree/main/fb/actions/secrets/public-key {"message":"Not Found","documentation_url":"https://docs.github.com/rest"}
[debug] [2022-09-15T20:21:08.775Z] >>> [apiv2][query] GET https://api.github.com/repos/https://github.com/MILKYWAY-COOP/Steve-React/tree/main/fb/actions/secrets/public-key type=owner
[debug] [2022-09-15T20:21:09.593Z] <<< [apiv2][status] GET https://api.github.com/repos/https://github.com/MILKYWAY-COOP/Steve-React/tree/main/fb/actions/secrets/public-key 404
[debug] [2022-09-15T20:21:09.594Z] <<< [apiv2][body] GET https://api.github.com/repos/https://github.com/MILKYWAY-COOP/Steve-React/tree/main/fb/actions/secrets/public-key {"message":"Not Found","documentation_url":"https://docs.github.com/rest"}
